<?xml version="1.0" encoding="UTF-8"?>
<!-- Generated by org.testng.reporters.JUnitReportReporter -->
<testsuite hostname="LAPTOP-T01RK0FM" failures="0" tests="1" name="br.com.treinaweb.selenium.test.HelloSeleniumTest" time="3.571" errors="0" timestamp="12 ago 2020 19:41:49 GMT" skipped="0">
  <testcase classname="br.com.treinaweb.selenium.test.HelloSeleniumTest" name="testHelloSelenium" time="3.571"/>
</testsuite> <!-- br.com.treinaweb.selenium.test.HelloSeleniumTest -->
