<?xml version="1.0" encoding="UTF-8"?>
<!-- Generated by org.testng.reporters.JUnitReportReporter -->
<testsuite hostname="LAPTOP-T01RK0FM" failures="0" tests="3" name="br.com.treinaweb.selenium.test.CadastroUsuarioTest" time="4.861" errors="0" timestamp="12 ago 2020 19:41:49 GMT" skipped="0">
  <testcase classname="br.com.treinaweb.selenium.test.CadastroUsuarioTest" name="VerificarEmailsDiferentesTests" time="0.530"/>
  <testcase classname="br.com.treinaweb.selenium.test.CadastroUsuarioTest" name="VerificarUsuarioPreenchidoTest" time="1.338"/>
  <testcase classname="br.com.treinaweb.selenium.test.CadastroUsuarioTest" name="NomeNaoPreenchidoTest" time="2.993"/>
</testsuite> <!-- br.com.treinaweb.selenium.test.CadastroUsuarioTest -->
